# JRE version: Java(TM) SE Runtime Environment (9.0+11) (build 9.0.4+11)
# Java VM: Java HotSpot(TM) 64-Bit Server VM (9.0.4+11, mixed mode, tiered, compressed oops, g1 gc, windows-amd64)
Heap:
 garbage-first heap   total 216064K, used 100944K [0x0000000700000000, 0x0000000700100698, 0x00000007c0000000)
  region size 1024K, 35 young (35840K), 0 survivors (0K)
 Metaspace       used 84316K, capacity 90281K, committed 90572K, reserved 1128448K
  class space    used 11385K, capacity 12411K, committed 12492K, reserved 1048576K
GC Heap History (10 events):
Event: 607.673 GC heap before
{Heap before GC invocations=144 (full 50):
 garbage-first heap   total 216064K, used 125769K [0x0000000700000000, 0x0000000700100698, 0x00000007c0000000)
  region size 1024K, 60 young (61440K), 3 survivors (3072K)
 Metaspace       used 84236K, capacity 90217K, committed 90572K, reserved 1128448K
  class space    used 11385K, capacity 12411K, committed 12492K, reserved 1048576K
}
Event: 607.682 GC heap after
{Heap after GC invocations=145 (full 50):
 garbage-first heap   total 216064K, used 66982K [0x0000000700000000, 0x0000000700100698, 0x00000007c0000000)
  region size 1024K, 2 young (2048K), 2 survivors (2048K)
 Metaspace       used 84236K, capacity 90217K, committed 90572K, reserved 1128448K
  class space    used 11385K, capacity 12411K, committed 12492K, reserved 1048576K
}
Event: 609.770 GC heap before
{Heap before GC invocations=145 (full 50):
 garbage-first heap   total 216064K, used 126374K [0x0000000700000000, 0x0000000700100698, 0x00000007c0000000)
  region size 1024K, 60 young (61440K), 2 survivors (2048K)
 Metaspace       used 84245K, capacity 90217K, committed 90572K, reserved 1128448K
  class space    used 11385K, capacity 12411K, committed 12492K, reserved 1048576K
}
Event: 609.779 GC heap after
{Heap after GC invocations=146 (full 50):
 garbage-first heap   total 216064K, used 67092K [0x0000000700000000, 0x0000000700100698, 0x00000007c0000000)
  region size 1024K, 2 young (2048K), 2 survivors (2048K)
 Metaspace       used 84245K, capacity 90217K, committed 90572K, reserved 1128448K
  class space    used 11385K, capacity 12411K, committed 12492K, reserved 1048576K
}
Event: 610.123 GC heap before
{Heap before GC invocations=146 (full 50):
 garbage-first heap   total 216064K, used 126484K [0x0000000700000000, 0x0000000700100698, 0x00000007c0000000)
  region size 1024K, 60 young (61440K), 2 survivors (2048K)
 Metaspace       used 84266K, capacity 90217K, committed 90572K, reserved 1128448K
  class space    used 11385K, capacity 12411K, committed 12492K, reserved 1048576K
}
Event: 610.131 GC heap after
{Heap after GC invocations=147 (full 50):
 garbage-first heap   total 216064K, used 66967K [0x0000000700000000, 0x0000000700100698, 0x00000007c0000000)
  region size 1024K, 2 young (2048K), 2 survivors (2048K)
 Metaspace       used 84266K, capacity 90217K, committed 90572K, reserved 1128448K
  class space    used 11385K, capacity 12411K, committed 12492K, reserved 1048576K
}
Event: 610.438 GC heap before
{Heap before GC invocations=147 (full 50):
 garbage-first heap   total 216064K, used 126359K [0x0000000700000000, 0x0000000700100698, 0x00000007c0000000)
  region size 1024K, 60 young (61440K), 2 survivors (2048K)
 Metaspace       used 84274K, capacity 90217K, committed 90572K, reserved 1128448K
  class space    used 11385K, capacity 12411K, committed 12492K, reserved 1048576K
}
Event: 610.447 GC heap after
{Heap after GC invocations=148 (full 50):
 garbage-first heap   total 216064K, used 67116K [0x0000000700000000, 0x0000000700100698, 0x00000007c0000000)
  region size 1024K, 2 young (2048K), 2 survivors (2048K)
 Metaspace       used 84274K, capacity 90217K, committed 90572K, reserved 1128448K
  class space    used 11385K, capacity 12411K, committed 12492K, reserved 1048576K
}
Event: 612.855 GC heap before
{Heap before GC invocations=148 (full 50):
 garbage-first heap   total 216064K, used 113196K [0x0000000700000000, 0x0000000700100698, 0x00000007c0000000)
  region size 1024K, 48 young (49152K), 2 survivors (2048K)
 Metaspace       used 84293K, capacity 90217K, committed 90572K, reserved 1128448K
  class space    used 11385K, capacity 12411K, committed 12492K, reserved 1048576K
}
Event: 613.147 GC heap after
{Heap after GC invocations=149 (full 51):
 garbage-first heap   total 216064K, used 66128K [0x0000000700000000, 0x0000000700100698, 0x00000007c0000000)
  region size 1024K, 0 young (0K), 0 survivors (0K)
 Metaspace       used 84293K, capacity 90217K, committed 90572K, reserved 1128448K
  class space    used 11385K, capacity 12411K, committed 12492K, reserved 1048576K
}

